{"D:\\projects\\projects\\doWithMind\\src\\App.tsx": {"path":"D:\\projects\\projects\\doWithMind\\src\\App.tsx","statementMap":{"0":{"start":{"line":1,"column":0},"end":{"line":1,"column":51}},"1":{"start":{"line":2,"column":0},"end":{"line":2,"column":38}},"2":{"start":{"line":3,"column":0},"end":{"line":3,"column":54}},"3":{"start":{"line":4,"column":0},"end":{"line":4,"column":55}},"4":{"start":{"line":6,"column":0},"end":{"line":6,"column":69}},"5":{"start":{"line":9,"column":16},"end":{"line":9,"column":67}},"6":{"start":{"line":9,"column":50},"end":{"line":9,"column":66}},"7":{"start":{"line":10,"column":17},"end":{"line":10,"column":69}},"8":{"start":{"line":10,"column":51},"end":{"line":10,"column":68}},"9":{"start":{"line":11,"column":19},"end":{"line":11,"column":32}},"10":{"start":{"line":13,"column":22},"end":{"line":13,"column":68}},"11":{"start":{"line":13,"column":45},"end":{"line":13,"column":60}},"12":{"start":{"line":15,"column":2},"end":{"line":48,"column":4}},"13":{"start":{"line":26,"column":25},"end":{"line":26,"column":51}},"14":{"start":{"line":32,"column":25},"end":{"line":32,"column":54}},"15":{"start":{"line":38,"column":25},"end":{"line":38,"column":57}},"16":{"start":{"line":43,"column":31},"end":{"line":43,"column":57}},"17":{"start":{"line":51,"column":0},"end":{"line":51,"column":19}}},"fnMap":{"0":{"name":"App","decl":{"start":{"line":8,"column":9},"end":{"line":8,"column":12}},"loc":{"start":{"line":8,"column":12},"end":{"line":49,"column":1}}},"1":{"name":"(anonymous_2)","decl":{"start":{"line":9,"column":28},"end":{"line":9,"column":29}},"loc":{"start":{"line":9,"column":50},"end":{"line":9,"column":66}}},"2":{"name":"(anonymous_3)","decl":{"start":{"line":10,"column":29},"end":{"line":10,"column":30}},"loc":{"start":{"line":10,"column":51},"end":{"line":10,"column":68}}},"3":{"name":"(anonymous_4)","decl":{"start":{"line":13,"column":35},"end":{"line":13,"column":36}},"loc":{"start":{"line":13,"column":45},"end":{"line":13,"column":60}}},"4":{"name":"(anonymous_5)","decl":{"start":{"line":26,"column":19},"end":{"line":26,"column":22}},"loc":{"start":{"line":26,"column":25},"end":{"line":26,"column":51}}},"5":{"name":"(anonymous_6)","decl":{"start":{"line":32,"column":19},"end":{"line":32,"column":22}},"loc":{"start":{"line":32,"column":25},"end":{"line":32,"column":54}}},"6":{"name":"(anonymous_7)","decl":{"start":{"line":38,"column":19},"end":{"line":38,"column":22}},"loc":{"start":{"line":38,"column":25},"end":{"line":38,"column":57}}},"7":{"name":"(anonymous_8)","decl":{"start":{"line":43,"column":25},"end":{"line":43,"column":28}},"loc":{"start":{"line":43,"column":31},"end":{"line":43,"column":57}}}},"branchMap":{"0":{"loc":{"start":{"line":23,"column":25},"end":{"line":23,"column":61}},"type":"cond-expr","locations":[{"start":{"line":23,"column":45},"end":{"line":23,"column":51}},{"start":{"line":23,"column":54},"end":{"line":23,"column":61}}]},"1":{"loc":{"start":{"line":27,"column":21},"end":{"line":27,"column":58}},"type":"cond-expr","locations":[{"start":{"line":27,"column":40},"end":{"line":27,"column":53}},{"start":{"line":27,"column":56},"end":{"line":27,"column":58}}]},"2":{"loc":{"start":{"line":33,"column":21},"end":{"line":33,"column":61}},"type":"cond-expr","locations":[{"start":{"line":33,"column":43},"end":{"line":33,"column":56}},{"start":{"line":33,"column":59},"end":{"line":33,"column":61}}]},"3":{"loc":{"start":{"line":39,"column":21},"end":{"line":39,"column":64}},"type":"cond-expr","locations":[{"start":{"line":39,"column":46},"end":{"line":39,"column":59}},{"start":{"line":39,"column":62},"end":{"line":39,"column":64}}]}},"s":{"0":1,"1":1,"2":1,"3":1,"4":1,"5":8,"6":16,"7":8,"8":16,"9":8,"10":8,"11":5,"12":8,"13":0,"14":1,"15":1,"16":1,"17":1},"f":{"0":8,"1":16,"2":16,"3":5,"4":0,"5":1,"6":1,"7":1},"b":{"0":[3,5],"1":[6,2],"2":[1,7],"3":[1,7]}}
,"D:\\projects\\projects\\doWithMind\\src\\components\\AddTodo\\AddTodo.tsx": {"path":"D:\\projects\\projects\\doWithMind\\src\\components\\AddTodo\\AddTodo.tsx","statementMap":{"0":{"start":{"line":1,"column":0},"end":{"line":1,"column":44}},"1":{"start":{"line":2,"column":0},"end":{"line":2,"column":42}},"2":{"start":{"line":3,"column":0},"end":{"line":3,"column":42}},"3":{"start":{"line":4,"column":0},"end":{"line":4,"column":55}},"4":{"start":{"line":6,"column":16},"end":{"line":33,"column":1}},"5":{"start":{"line":7,"column":26},"end":{"line":7,"column":38}},"6":{"start":{"line":8,"column":19},"end":{"line":8,"column":32}},"7":{"start":{"line":10,"column":23},"end":{"line":16,"column":3}},"8":{"start":{"line":11,"column":4},"end":{"line":11,"column":23}},"9":{"start":{"line":12,"column":4},"end":{"line":15,"column":5}},"10":{"start":{"line":13,"column":6},"end":{"line":13,"column":30}},"11":{"start":{"line":14,"column":6},"end":{"line":14,"column":18}},"12":{"start":{"line":18,"column":2},"end":{"line":32,"column":4}},"13":{"start":{"line":27,"column":25},"end":{"line":27,"column":48}},"14":{"start":{"line":35,"column":0},"end":{"line":35,"column":23}}},"fnMap":{"0":{"name":"(anonymous_1)","decl":{"start":{"line":6,"column":16},"end":{"line":6,"column":19}},"loc":{"start":{"line":6,"column":21},"end":{"line":33,"column":1}}},"1":{"name":"(anonymous_2)","decl":{"start":{"line":10,"column":23},"end":{"line":10,"column":24}},"loc":{"start":{"line":10,"column":40},"end":{"line":16,"column":3}}},"2":{"name":"(anonymous_3)","decl":{"start":{"line":27,"column":18},"end":{"line":27,"column":19}},"loc":{"start":{"line":27,"column":25},"end":{"line":27,"column":48}}}},"branchMap":{"0":{"loc":{"start":{"line":12,"column":4},"end":{"line":15,"column":5}},"type":"if","locations":[{"start":{"line":12,"column":4},"end":{"line":15,"column":5}}]}},"s":{"0":2,"1":2,"2":2,"3":2,"4":2,"5":11,"6":11,"7":11,"8":1,"9":1,"10":1,"11":1,"12":11,"13":1,"14":2},"f":{"0":11,"1":1,"2":1},"b":{"0":[1]}}
,"D:\\projects\\projects\\doWithMind\\src\\components\\TodoList\\TodoList.tsx": {"path":"D:\\projects\\projects\\doWithMind\\src\\components\\TodoList\\TodoList.tsx","statementMap":{"0":{"start":{"line":1,"column":0},"end":{"line":1,"column":55}},"1":{"start":{"line":3,"column":0},"end":{"line":3,"column":43}},"2":{"start":{"line":4,"column":0},"end":{"line":4,"column":58}},"3":{"start":{"line":6,"column":17},"end":{"line":36,"column":1}},"4":{"start":{"line":7,"column":16},"end":{"line":7,"column":67}},"5":{"start":{"line":7,"column":50},"end":{"line":7,"column":66}},"6":{"start":{"line":8,"column":17},"end":{"line":8,"column":69}},"7":{"start":{"line":8,"column":51},"end":{"line":8,"column":68}},"8":{"start":{"line":9,"column":19},"end":{"line":9,"column":32}},"9":{"start":{"line":12,"column":4},"end":{"line":16,"column":46}},"10":{"start":{"line":15,"column":31},"end":{"line":15,"column":46}},"11":{"start":{"line":16,"column":31},"end":{"line":16,"column":45}},"12":{"start":{"line":18,"column":2},"end":{"line":35,"column":4}},"13":{"start":{"line":21,"column":8},"end":{"line":22,"column":null}},"14":{"start":{"line":28,"column":28},"end":{"line":28,"column":57}},"15":{"start":{"line":31,"column":31},"end":{"line":31,"column":60}},"16":{"start":{"line":38,"column":0},"end":{"line":38,"column":24}}},"fnMap":{"0":{"name":"(anonymous_1)","decl":{"start":{"line":6,"column":17},"end":{"line":6,"column":20}},"loc":{"start":{"line":6,"column":22},"end":{"line":36,"column":1}}},"1":{"name":"(anonymous_2)","decl":{"start":{"line":7,"column":28},"end":{"line":7,"column":29}},"loc":{"start":{"line":7,"column":50},"end":{"line":7,"column":66}}},"2":{"name":"(anonymous_3)","decl":{"start":{"line":8,"column":29},"end":{"line":8,"column":30}},"loc":{"start":{"line":8,"column":51},"end":{"line":8,"column":68}}},"3":{"name":"(anonymous_4)","decl":{"start":{"line":15,"column":21},"end":{"line":15,"column":22}},"loc":{"start":{"line":15,"column":31},"end":{"line":15,"column":46}}},"4":{"name":"(anonymous_5)","decl":{"start":{"line":16,"column":21},"end":{"line":16,"column":22}},"loc":{"start":{"line":16,"column":31},"end":{"line":16,"column":45}}},"5":{"name":"(anonymous_6)","decl":{"start":{"line":20,"column":25},"end":{"line":20,"column":26}},"loc":{"start":{"line":21,"column":8},"end":{"line":22,"column":null}}},"6":{"name":"(anonymous_7)","decl":{"start":{"line":28,"column":22},"end":{"line":28,"column":25}},"loc":{"start":{"line":28,"column":28},"end":{"line":28,"column":57}}},"7":{"name":"(anonymous_8)","decl":{"start":{"line":31,"column":25},"end":{"line":31,"column":28}},"loc":{"start":{"line":31,"column":31},"end":{"line":31,"column":60}}}},"branchMap":{"0":{"loc":{"start":{"line":12,"column":4},"end":{"line":16,"column":46}},"type":"cond-expr","locations":[{"start":{"line":13,"column":8},"end":{"line":13,"column":13}},{"start":{"line":14,"column":8},"end":{"line":16,"column":46}}]},"1":{"loc":{"start":{"line":14,"column":8},"end":{"line":16,"column":46}},"type":"cond-expr","locations":[{"start":{"line":15,"column":8},"end":{"line":15,"column":47}},{"start":{"line":16,"column":8},"end":{"line":16,"column":46}}]},"2":{"loc":{"start":{"line":23,"column":39},"end":{"line":23,"column":77}},"type":"cond-expr","locations":[{"start":{"line":23,"column":56},"end":{"line":23,"column":72}},{"start":{"line":23,"column":75},"end":{"line":23,"column":77}}]}},"s":{"0":2,"1":2,"2":2,"3":2,"4":14,"5":28,"6":14,"7":28,"8":14,"9":14,"10":2,"11":2,"12":14,"13":15,"14":1,"15":0,"16":2},"f":{"0":14,"1":28,"2":28,"3":2,"4":2,"5":15,"6":1,"7":0},"b":{"0":[10,4],"1":[2,2],"2":[8,7]}}
,"D:\\projects\\projects\\doWithMind\\src\\store\\store.ts": {"path":"D:\\projects\\projects\\doWithMind\\src\\store\\store.ts","statementMap":{"0":{"start":{"line":1,"column":0},"end":{"line":1,"column":67}},"1":{"start":{"line":2,"column":0},"end":{"line":2,"column":45}},"2":{"start":{"line":3,"column":0},"end":{"line":3,"column":61}},"3":{"start":{"line":4,"column":0},"end":{"line":4,"column":74}},"4":{"start":{"line":6,"column":16},"end":{"line":6,"column":41}},"5":{"start":{"line":8,"column":22},"end":{"line":11,"column":2}},"6":{"start":{"line":13,"column":20},"end":{"line":15,"column":2}},"7":{"start":{"line":17,"column":25},"end":{"line":17,"column":67}},"8":{"start":{"line":19,"column":13},"end":{"line":25,"column":3}},"9":{"start":{"line":22,"column":4},"end":{"line":24,"column":6}},"10":{"start":{"line":27,"column":13},"end":{"line":27,"column":45}}},"fnMap":{"0":{"name":"(anonymous_1)","decl":{"start":{"line":21,"column":14},"end":{"line":21,"column":15}},"loc":{"start":{"line":22,"column":4},"end":{"line":24,"column":6}}}},"branchMap":{},"s":{"0":3,"1":3,"2":3,"3":3,"4":3,"5":3,"6":3,"7":3,"8":3,"9":3,"10":3},"f":{"0":3},"b":{}}
,"D:\\projects\\projects\\doWithMind\\src\\store\\slices\\todoSlice.ts": {"path":"D:\\projects\\projects\\doWithMind\\src\\store\\slices\\todoSlice.ts","statementMap":{"0":{"start":{"line":1,"column":0},"end":{"line":1,"column":62}},"1":{"start":{"line":10,"column":32},"end":{"line":14,"column":2}},"2":{"start":{"line":16,"column":18},"end":{"line":41,"column":2}},"3":{"start":{"line":21,"column":6},"end":{"line":25,"column":9}},"4":{"start":{"line":28,"column":19},"end":{"line":28,"column":73}},"5":{"start":{"line":28,"column":46},"end":{"line":28,"column":72}},"6":{"start":{"line":29,"column":6},"end":{"line":29,"column":49}},"7":{"start":{"line":29,"column":16},"end":{"line":29,"column":49}},"8":{"start":{"line":32,"column":6},"end":{"line":32,"column":36}},"9":{"start":{"line":35,"column":6},"end":{"line":35,"column":66}},"10":{"start":{"line":35,"column":49},"end":{"line":35,"column":64}},"11":{"start":{"line":39,"column":4},"end":{"line":39,"column":55}},"12":{"start":{"line":39,"column":41},"end":{"line":39,"column":53}},"13":{"start":{"line":43,"column":13},"end":{"line":43,"column":null}},"14":{"start":{"line":45,"column":0},"end":{"line":45,"column":33}}},"fnMap":{"0":{"name":"(anonymous_0)","decl":{"start":{"line":20,"column":13},"end":{"line":20,"column":14}},"loc":{"start":{"line":20,"column":54},"end":{"line":26,"column":5}}},"1":{"name":"(anonymous_1)","decl":{"start":{"line":27,"column":16},"end":{"line":27,"column":17}},"loc":{"start":{"line":27,"column":57},"end":{"line":30,"column":5}}},"2":{"name":"(anonymous_2)","decl":{"start":{"line":28,"column":36},"end":{"line":28,"column":37}},"loc":{"start":{"line":28,"column":46},"end":{"line":28,"column":72}}},"3":{"name":"(anonymous_3)","decl":{"start":{"line":31,"column":15},"end":{"line":31,"column":16}},"loc":{"start":{"line":31,"column":60},"end":{"line":33,"column":5}}},"4":{"name":"(anonymous_4)","decl":{"start":{"line":34,"column":20},"end":{"line":34,"column":21}},"loc":{"start":{"line":34,"column":30},"end":{"line":36,"column":5}}},"5":{"name":"(anonymous_5)","decl":{"start":{"line":35,"column":39},"end":{"line":35,"column":40}},"loc":{"start":{"line":35,"column":49},"end":{"line":35,"column":64}}},"6":{"name":"(anonymous_6)","decl":{"start":{"line":38,"column":17},"end":{"line":38,"column":18}},"loc":{"start":{"line":38,"column":29},"end":{"line":40,"column":3}}},"7":{"name":"(anonymous_7)","decl":{"start":{"line":39,"column":35},"end":{"line":39,"column":38}},"loc":{"start":{"line":39,"column":41},"end":{"line":39,"column":53}}}},"branchMap":{"0":{"loc":{"start":{"line":29,"column":6},"end":{"line":29,"column":49}},"type":"if","locations":[{"start":{"line":29,"column":6},"end":{"line":29,"column":49}}]}},"s":{"0":3,"1":3,"2":3,"3":15,"4":8,"5":15,"6":8,"7":8,"8":7,"9":1,"10":2,"11":3,"12":10,"13":3,"14":3},"f":{"0":15,"1":8,"2":15,"3":7,"4":1,"5":2,"6":3,"7":10},"b":{"0":[8]}}
}
