TN:
SF:src\App.tsx
FN:9,App
FN:10,(anonymous_2)
FN:11,(anonymous_3)
FN:14,(anonymous_4)
FN:27,(anonymous_5)
FN:33,(anonymous_6)
FN:39,(anonymous_7)
FN:44,(anonymous_8)
FNF:8
FNH:7
FNDA:8,App
FNDA:16,(anonymous_2)
FNDA:16,(anonymous_3)
FNDA:5,(anonymous_4)
FNDA:0,(anonymous_5)
FNDA:1,(anonymous_6)
FNDA:1,(anonymous_7)
FNDA:1,(anonymous_8)
DA:1,1
DA:2,1
DA:3,1
DA:4,1
DA:6,1
DA:7,1
DA:10,16
DA:11,16
DA:12,8
DA:14,8
DA:16,8
DA:27,0
DA:33,1
DA:39,1
DA:44,1
DA:52,1
LF:16
LH:15
BRDA:24,0,0,3
BRDA:24,0,1,5
BRDA:28,1,0,6
BRDA:28,1,1,2
BRDA:34,2,0,1
BRDA:34,2,1,7
BRDA:40,3,0,1
BRDA:40,3,1,7
BRF:8
BRH:8
end_of_record
TN:
SF:src\components\AddTodo\AddTodo.tsx
FN:6,(anonymous_1)
FN:10,(anonymous_2)
FN:27,(anonymous_3)
FNF:3
FNH:3
FNDA:11,(anonymous_1)
FNDA:1,(anonymous_2)
FNDA:1,(anonymous_3)
DA:1,2
DA:2,2
DA:3,2
DA:4,2
DA:6,2
DA:7,11
DA:8,11
DA:10,11
DA:11,1
DA:12,1
DA:13,1
DA:14,1
DA:18,11
DA:27,1
DA:35,2
LF:15
LH:15
BRDA:12,0,0,1
BRF:1
BRH:1
end_of_record
TN:
SF:src\components\TodoList\TodoList.tsx
FN:6,(anonymous_1)
FN:7,(anonymous_2)
FN:8,(anonymous_3)
FN:15,(anonymous_4)
FN:16,(anonymous_5)
FN:20,(anonymous_6)
FN:28,(anonymous_7)
FN:31,(anonymous_8)
FNF:8
FNH:7
FNDA:14,(anonymous_1)
FNDA:28,(anonymous_2)
FNDA:28,(anonymous_3)
FNDA:2,(anonymous_4)
FNDA:2,(anonymous_5)
FNDA:15,(anonymous_6)
FNDA:1,(anonymous_7)
FNDA:0,(anonymous_8)
DA:1,2
DA:3,2
DA:4,2
DA:6,2
DA:7,28
DA:8,28
DA:9,14
DA:12,14
DA:15,2
DA:16,2
DA:18,14
DA:21,15
DA:28,1
DA:31,0
DA:38,2
LF:15
LH:14
BRDA:12,0,0,10
BRDA:12,0,1,4
BRDA:14,1,0,2
BRDA:14,1,1,2
BRDA:23,2,0,8
BRDA:23,2,1,7
BRF:6
BRH:6
end_of_record
TN:
SF:src\constants\constants.ts
FNF:0
FNH:0
DA:1,3
DA:2,3
LF:2
LH:2
BRF:0
BRH:0
end_of_record
TN:
SF:src\constants\filters.ts
FNF:0
FNH:0
DA:1,3
LF:1
LH:1
BRF:0
BRH:0
end_of_record
TN:
SF:src\store\store.ts
FN:22,(anonymous_1)
FNF:1
FNH:1
FNDA:3,(anonymous_1)
DA:1,3
DA:2,3
DA:3,3
DA:4,3
DA:5,3
DA:7,3
DA:9,3
DA:14,3
DA:18,3
DA:20,3
DA:23,3
DA:28,3
LF:12
LH:12
BRF:0
BRH:0
end_of_record
TN:
SF:src\store\slices\todoSlice.ts
FN:22,(anonymous_0)
FN:29,(anonymous_1)
FN:30,(anonymous_2)
FN:33,(anonymous_3)
FN:36,(anonymous_4)
FN:37,(anonymous_5)
FN:40,(anonymous_6)
FN:41,(anonymous_7)
FNF:8
FNH:8
FNDA:15,(anonymous_0)
FNDA:8,(anonymous_1)
FNDA:15,(anonymous_2)
FNDA:7,(anonymous_3)
FNDA:1,(anonymous_4)
FNDA:2,(anonymous_5)
FNDA:3,(anonymous_6)
FNDA:10,(anonymous_7)
DA:1,3
DA:3,3
DA:4,3
DA:12,3
DA:18,3
DA:23,15
DA:30,15
DA:31,8
DA:34,7
DA:37,2
DA:41,10
DA:45,3
DA:47,3
LF:13
LH:13
BRDA:31,0,0,8
BRF:1
BRH:1
end_of_record
